<?xml version="1.0" encoding="UTF-8"?>
<!-- Generated by org.testng.reporters.JUnitReportReporter -->
<testsuite hostname="DESKTOP-UFCUJR1" failures="0" tests="1" name="TestClass" time="8.525" errors="0" timestamp="2024-04-04T01:15:39 IST" skipped="0">
  <testcase classname="TestClass" name="Test1" time="8.525"/>
  <system-out/>
</testsuite> <!-- TestClass -->
