<?xml version="1.0" encoding="UTF-8"?>
<!-- Generated by org.testng.reporters.JUnitReportReporter -->
<testsuite hostname="DESKTOP-UFCUJR1" failures="0" tests="1" name="TestClass" time="13.967" errors="0" timestamp="2024-04-03T22:07:01 IST" skipped="0">
  <testcase classname="TestClass" name="Test1" time="13.967"/>
  <system-out/>
</testsuite> <!-- TestClass -->
