<?xml version="1.0" encoding="UTF-8"?>
<!-- Generated by org.testng.reporters.JUnitReportReporter -->
<testsuite hostname="DESKTOP-UFCUJR1" failures="0" tests="1" name="TestClass" time="14.933" errors="0" timestamp="2024-04-03T23:01:15 IST" skipped="0">
  <testcase classname="TestClass" name="Test1" time="14.933"/>
  <system-out/>
</testsuite> <!-- TestClass -->
