<?xml version="1.0" encoding="UTF-8"?>
<!-- Generated by org.testng.reporters.JUnitReportReporter -->
<testsuite hostname="DESKTOP-UFCUJR1" failures="0" tests="1" name="TestClass" time="12.831" errors="0" timestamp="2024-04-03T22:32:45 IST" skipped="0">
  <testcase classname="TestClass" name="Test1" time="12.831"/>
  <system-out/>
</testsuite> <!-- TestClass -->
